<?xml version="1.0" encoding="UTF-8"?>
<!-- Generated by org.testng.reporters.JUnitReportReporter -->
<testsuite hostname="LAPTOP-4VC1NFUB" failures="0" tests="2" name="com.capstone.AadharCitizen" time="12.381" errors="0" timestamp="2022-10-20T22:49:03 IST" skipped="0">
  <testcase classname="com.capstone.AadharCitizen" name="CitizenCheck" time="10.031"/>
  <system-out/>
  <testcase classname="com.capstone.AadharCitizen" name="ChromeBrowser" time="2.350"/>
  <system-out/>
</testsuite> <!-- com.capstone.AadharCitizen -->
