<?xml version="1.0" encoding="UTF-8"?>
<!-- Generated by org.testng.reporters.JUnitReportReporter -->
<testsuite hostname="LAPTOP-4VC1NFUB" failures="0" tests="2" name="com.capstone.AadharRegister" time="9.884" errors="0" timestamp="2022-10-20T22:50:59 IST" skipped="0">
  <testcase classname="com.capstone.AadharRegister" name="ChromeBrowser" time="2.494"/>
  <system-out/>
  <testcase classname="com.capstone.AadharRegister" name="TestHome" time="7.390"/>
  <system-out/>
</testsuite> <!-- com.capstone.AadharRegister -->
