<?xml version="1.0" encoding="UTF-8"?>
<!-- Generated by org.testng.reporters.JUnitReportReporter -->
<testsuite hostname="LAPTOP-4VC1NFUB" failures="0" tests="2" name="com.capstone.AadharAdmin" time="15.627" errors="0" timestamp="2022-10-20T22:49:59 IST" skipped="0">
  <testcase classname="com.capstone.AadharAdmin" name="ChromeBrowser" time="2.470"/>
  <system-out/>
  <testcase classname="com.capstone.AadharAdmin" name="TestHome" time="13.157"/>
  <system-out/>
</testsuite> <!-- com.capstone.AadharAdmin -->
